2025-01-28 15:05:17,057 [Worker-7: Loading available Gradle versions] INFO  o.e.b.c.i.u.g.PublishedGradleVersions - Gradle version information cache is not available. Remote download required.
2025-01-28 15:06:19,592 [Worker-5: Update Maven projects configuration] INFO  o.e.m.c.i.p.ProjectConfigurationManager - Update started
2025-01-28 15:06:24,673 [Worker-5: Update Maven projects configuration] INFO  o.e.m.c.i.l.LifecycleMappingFactory - Using org.eclipse.m2e.jdt.JarLifecycleMapping lifecycle mapping for MavenProject: acc.br:primeiraapi:1.0.0-SNAPSHOT @ D:\Arquivos baixados\primeiraapi\primeiraapi\pom.xml.
2025-01-28 15:06:28,109 [Worker-6: Building] INFO  o.a.m.s.f.DefaultMavenResourcesFiltering - Copying 2 resources from src\main\resources to target\classes
2025-01-28 15:06:36,056 [Worker-6: Building] INFO  o.a.m.s.f.DefaultMavenResourcesFiltering - skip non existing resourceDirectory D:\Arquivos baixados\primeiraapi\primeiraapi\src\test\resources
2025-01-28 15:06:38,963 [Worker-5: Update Maven projects configuration] INFO  o.e.m.j.i.AbstractJavaProjectConfigurator - Adding source folder /primeiraapi/src/main/java
2025-01-28 15:06:38,966 [Worker-5: Update Maven projects configuration] INFO  o.e.m.j.i.AbstractJavaProjectConfigurator - Adding resource folder /primeiraapi/src/main/resources
2025-01-28 15:06:38,987 [Worker-5: Update Maven projects configuration] INFO  o.e.m.j.i.AbstractJavaProjectConfigurator - Adding source folder /primeiraapi/src/test/java
2025-01-28 15:06:38,989 [Worker-5: Update Maven projects configuration] INFO  o.e.m.j.i.AbstractJavaProjectConfigurator - Adding resource folder /primeiraapi/src/test/resources
2025-01-28 15:06:41,361 [Worker-13: Building] INFO  o.a.m.s.f.DefaultMavenResourcesFiltering - Copying 2 resources from src\main\resources to target\classes
2025-01-28 15:06:41,374 [Worker-13: Building] INFO  o.a.m.s.f.DefaultMavenResourcesFiltering - skip non existing resourceDirectory D:\Arquivos baixados\primeiraapi\primeiraapi\src\test\resources
2025-01-28 15:06:41,833 [Worker-5: Update Maven projects configuration] INFO  o.e.m.c.i.p.ProjectConfigurationManager - Update completed for 1 poms: local refresh takes 0,00 sec, refresh facades takes 8,00 sec, update config takes 14,00 sec 
2025-01-28 15:06:42,778 [Worker-12: Building] INFO  o.a.m.s.f.DefaultMavenResourcesFiltering - Copying 2 resources from src\main\resources to target\classes
2025-01-28 15:06:42,793 [Worker-12: Building] INFO  o.a.m.s.f.DefaultMavenResourcesFiltering - skip non existing resourceDirectory D:\Arquivos baixados\primeiraapi\primeiraapi\src\test\resources
2025-01-28 15:08:14,839 [Worker-6: Building] INFO  o.a.m.s.f.DefaultMavenResourcesFiltering - Copying 2 resources from src\main\resources to target\classes
2025-01-28 15:08:14,848 [Worker-6: Building] INFO  o.a.m.s.f.DefaultMavenResourcesFiltering - skip non existing resourceDirectory D:\Arquivos baixados\primeiraapi\primeiraapi\src\test\resources
2025-01-28 15:08:52,996 [Worker-9: Building] INFO  o.a.m.s.f.DefaultMavenResourcesFiltering - Copying 2 resources from src\main\resources to target\classes
2025-01-28 15:08:53,004 [Worker-9: Building] INFO  o.a.m.s.f.DefaultMavenResourcesFiltering - skip non existing resourceDirectory D:\Arquivos baixados\primeiraapi\primeiraapi\src\test\resources
2025-01-28 15:09:10,657 [Worker-9: Building] INFO  o.a.m.s.f.DefaultMavenResourcesFiltering - Copying 2 resources from src\main\resources to target\classes
2025-01-28 15:09:10,666 [Worker-9: Building] INFO  o.a.m.s.f.DefaultMavenResourcesFiltering - skip non existing resourceDirectory D:\Arquivos baixados\primeiraapi\primeiraapi\src\test\resources
2025-01-28 15:09:15,394 [Worker-8: Building] INFO  o.a.m.s.f.DefaultMavenResourcesFiltering - Copying 2 resources from src\main\resources to target\classes
2025-01-28 15:09:15,403 [Worker-8: Building] INFO  o.a.m.s.f.DefaultMavenResourcesFiltering - skip non existing resourceDirectory D:\Arquivos baixados\primeiraapi\primeiraapi\src\test\resources
2025-01-28 15:09:54,143 [Worker-12: Building] INFO  o.a.m.s.f.DefaultMavenResourcesFiltering - Copying 2 resources from src\main\resources to target\classes
2025-01-28 15:09:54,149 [Worker-12: Building] INFO  o.a.m.s.f.DefaultMavenResourcesFiltering - skip non existing resourceDirectory D:\Arquivos baixados\primeiraapi\primeiraapi\src\test\resources
2025-01-28 15:09:57,788 [Worker-11: Building] INFO  o.a.m.s.f.DefaultMavenResourcesFiltering - Copying 2 resources from src\main\resources to target\classes
2025-01-28 15:09:57,798 [Worker-11: Building] INFO  o.a.m.s.f.DefaultMavenResourcesFiltering - skip non existing resourceDirectory D:\Arquivos baixados\primeiraapi\primeiraapi\src\test\resources
2025-01-28 15:10:19,407 [Worker-1: Building] INFO  o.a.m.s.f.DefaultMavenResourcesFiltering - Copying 2 resources from src\main\resources to target\classes
2025-01-28 15:10:19,415 [Worker-1: Building] INFO  o.a.m.s.f.DefaultMavenResourcesFiltering - skip non existing resourceDirectory D:\Arquivos baixados\primeiraapi\primeiraapi\src\test\resources
2025-01-28 15:11:01,276 [Worker-3: Building] INFO  o.a.m.s.f.DefaultMavenResourcesFiltering - Copying 1 resource from src\main\resources to target\classes
2025-01-28 15:11:01,287 [Worker-3: Building] INFO  o.a.m.s.f.DefaultMavenResourcesFiltering - skip non existing resourceDirectory D:\Arquivos baixados\primeiraapi\primeiraapi\src\test\resources
2025-01-28 15:14:11,290 [Worker-10: Building] INFO  o.a.m.s.f.DefaultMavenResourcesFiltering - Copying 2 resources from src\main\resources to target\classes
2025-01-28 15:14:11,297 [Worker-10: Building] INFO  o.a.m.s.f.DefaultMavenResourcesFiltering - skip non existing resourceDirectory D:\Arquivos baixados\primeiraapi\primeiraapi\src\test\resources
2025-01-28 15:38:34,978 [Worker-9: Building] INFO  o.a.m.s.f.DefaultMavenResourcesFiltering - Copying 1 resource from src\main\resources to target\classes
2025-01-28 15:38:34,995 [Worker-9: Building] INFO  o.a.m.s.f.DefaultMavenResourcesFiltering - skip non existing resourceDirectory D:\Arquivos baixados\primeiraapi\primeiraapi\src\test\resources
2025-01-28 15:40:20,592 [Worker-6: Loading available Gradle versions] INFO  o.e.b.c.i.u.g.PublishedGradleVersions - Gradle version information cache is up-to-date. Trying to read.
2025-01-28 15:41:43,144 [main] INFO  o.e.m2e.actions.ExecutePomAction - Creating new launch configuration
2025-01-28 15:44:37,586 [main] INFO  o.e.m2e.actions.ExecutePomAction - Creating new launch configuration
2025-01-28 15:44:58,016 [Worker-1: Launching primeiraapi (1)] INFO  o.eclipse.m2e.core.internal.Bundles - getClasspathEntries(Bundle=org.eclipse.m2e.maven.runtime_3.9.900.20240824-1409 [364])
2025-01-28 15:44:58,020 [Worker-1: Launching primeiraapi (1)] INFO  o.eclipse.m2e.core.internal.Bundles - 	Entry: C:\Users\Roberto\Desktop\sts-4.27.0.RELEASE\plugins\org.eclipse.m2e.maven.runtime_3.9.900.20240824-1409
2025-01-28 15:44:58,021 [Worker-1: Launching primeiraapi (1)] INFO  o.eclipse.m2e.core.internal.Bundles - 	Entry: C:\Users\Roberto\Desktop\sts-4.27.0.RELEASE\plugins\org.eclipse.m2e.maven.runtime_3.9.900.20240824-1409\jars\aopalliance-1.0.jar
2025-01-28 15:44:58,021 [Worker-1: Launching primeiraapi (1)] INFO  o.eclipse.m2e.core.internal.Bundles - 	Entry: C:\Users\Roberto\Desktop\sts-4.27.0.RELEASE\plugins\org.eclipse.m2e.maven.runtime_3.9.900.20240824-1409\jars\guice-5.1.0.jar
2025-01-28 15:44:58,022 [Worker-1: Launching primeiraapi (1)] INFO  o.eclipse.m2e.core.internal.Bundles - 	Entry: C:\Users\Roberto\Desktop\sts-4.27.0.RELEASE\plugins\org.eclipse.m2e.maven.runtime_3.9.900.20240824-1409\jars\httpclient-4.5.14.jar
2025-01-28 15:44:58,022 [Worker-1: Launching primeiraapi (1)] INFO  o.eclipse.m2e.core.internal.Bundles - 	Entry: C:\Users\Roberto\Desktop\sts-4.27.0.RELEASE\plugins\org.eclipse.m2e.maven.runtime_3.9.900.20240824-1409\jars\httpcore-4.4.16.jar
2025-01-28 15:44:58,023 [Worker-1: Launching primeiraapi (1)] INFO  o.eclipse.m2e.core.internal.Bundles - 	Entry: C:\Users\Roberto\Desktop\sts-4.27.0.RELEASE\plugins\org.eclipse.m2e.maven.runtime_3.9.900.20240824-1409\jars\jansi-2.4.1.jar
2025-01-28 15:44:58,023 [Worker-1: Launching primeiraapi (1)] INFO  o.eclipse.m2e.core.internal.Bundles - 	Entry: C:\Users\Roberto\Desktop\sts-4.27.0.RELEASE\plugins\org.eclipse.m2e.maven.runtime_3.9.900.20240824-1409\jars\jcl-over-slf4j-1.7.36.jar
2025-01-28 15:44:58,024 [Worker-1: Launching primeiraapi (1)] INFO  o.eclipse.m2e.core.internal.Bundles - 	Entry: C:\Users\Roberto\Desktop\sts-4.27.0.RELEASE\plugins\org.eclipse.m2e.maven.runtime_3.9.900.20240824-1409\jars\maven-artifact-3.9.9.jar
2025-01-28 15:44:58,025 [Worker-1: Launching primeiraapi (1)] INFO  o.eclipse.m2e.core.internal.Bundles - 	Entry: C:\Users\Roberto\Desktop\sts-4.27.0.RELEASE\plugins\org.eclipse.m2e.maven.runtime_3.9.900.20240824-1409\jars\maven-builder-support-3.9.9.jar
2025-01-28 15:44:58,026 [Worker-1: Launching primeiraapi (1)] INFO  o.eclipse.m2e.core.internal.Bundles - 	Entry: C:\Users\Roberto\Desktop\sts-4.27.0.RELEASE\plugins\org.eclipse.m2e.maven.runtime_3.9.900.20240824-1409\jars\maven-compat-3.9.9.jar
2025-01-28 15:44:58,027 [Worker-1: Launching primeiraapi (1)] INFO  o.eclipse.m2e.core.internal.Bundles - 	Entry: C:\Users\Roberto\Desktop\sts-4.27.0.RELEASE\plugins\org.eclipse.m2e.maven.runtime_3.9.900.20240824-1409\jars\maven-core-3.9.9.jar
2025-01-28 15:44:58,027 [Worker-1: Launching primeiraapi (1)] INFO  o.eclipse.m2e.core.internal.Bundles - 	Entry: C:\Users\Roberto\Desktop\sts-4.27.0.RELEASE\plugins\org.eclipse.m2e.maven.runtime_3.9.900.20240824-1409\jars\maven-embedder-3.9.9.jar
2025-01-28 15:44:58,028 [Worker-1: Launching primeiraapi (1)] INFO  o.eclipse.m2e.core.internal.Bundles - 	Entry: C:\Users\Roberto\Desktop\sts-4.27.0.RELEASE\plugins\org.eclipse.m2e.maven.runtime_3.9.900.20240824-1409\jars\maven-model-3.9.9.jar
2025-01-28 15:44:58,028 [Worker-1: Launching primeiraapi (1)] INFO  o.eclipse.m2e.core.internal.Bundles - 	Entry: C:\Users\Roberto\Desktop\sts-4.27.0.RELEASE\plugins\org.eclipse.m2e.maven.runtime_3.9.900.20240824-1409\jars\maven-model-builder-3.9.9.jar
2025-01-28 15:44:58,029 [Worker-1: Launching primeiraapi (1)] INFO  o.eclipse.m2e.core.internal.Bundles - 	Entry: C:\Users\Roberto\Desktop\sts-4.27.0.RELEASE\plugins\org.eclipse.m2e.maven.runtime_3.9.900.20240824-1409\jars\maven-plugin-api-3.9.9.jar
2025-01-28 15:44:58,029 [Worker-1: Launching primeiraapi (1)] INFO  o.eclipse.m2e.core.internal.Bundles - 	Entry: C:\Users\Roberto\Desktop\sts-4.27.0.RELEASE\plugins\org.eclipse.m2e.maven.runtime_3.9.900.20240824-1409\jars\maven-repository-metadata-3.9.9.jar
2025-01-28 15:44:58,029 [Worker-1: Launching primeiraapi (1)] INFO  o.eclipse.m2e.core.internal.Bundles - 	Entry: C:\Users\Roberto\Desktop\sts-4.27.0.RELEASE\plugins\org.eclipse.m2e.maven.runtime_3.9.900.20240824-1409\jars\maven-resolver-api-1.9.22.jar
2025-01-28 15:44:58,030 [Worker-1: Launching primeiraapi (1)] INFO  o.eclipse.m2e.core.internal.Bundles - 	Entry: C:\Users\Roberto\Desktop\sts-4.27.0.RELEASE\plugins\org.eclipse.m2e.maven.runtime_3.9.900.20240824-1409\jars\maven-resolver-connector-basic-1.9.22.jar
2025-01-28 15:44:58,031 [Worker-1: Launching primeiraapi (1)] INFO  o.eclipse.m2e.core.internal.Bundles - 	Entry: C:\Users\Roberto\Desktop\sts-4.27.0.RELEASE\plugins\org.eclipse.m2e.maven.runtime_3.9.900.20240824-1409\jars\maven-resolver-impl-1.9.22.jar
2025-01-28 15:44:58,031 [Worker-1: Launching primeiraapi (1)] INFO  o.eclipse.m2e.core.internal.Bundles - 	Entry: C:\Users\Roberto\Desktop\sts-4.27.0.RELEASE\plugins\org.eclipse.m2e.maven.runtime_3.9.900.20240824-1409\jars\maven-resolver-named-locks-1.9.22.jar
2025-01-28 15:44:58,032 [Worker-1: Launching primeiraapi (1)] INFO  o.eclipse.m2e.core.internal.Bundles - 	Entry: C:\Users\Roberto\Desktop\sts-4.27.0.RELEASE\plugins\org.eclipse.m2e.maven.runtime_3.9.900.20240824-1409\jars\maven-resolver-provider-3.9.9.jar
2025-01-28 15:44:58,032 [Worker-1: Launching primeiraapi (1)] INFO  o.eclipse.m2e.core.internal.Bundles - 	Entry: C:\Users\Roberto\Desktop\sts-4.27.0.RELEASE\plugins\org.eclipse.m2e.maven.runtime_3.9.900.20240824-1409\jars\maven-resolver-spi-1.9.22.jar
2025-01-28 15:44:58,033 [Worker-1: Launching primeiraapi (1)] INFO  o.eclipse.m2e.core.internal.Bundles - 	Entry: C:\Users\Roberto\Desktop\sts-4.27.0.RELEASE\plugins\org.eclipse.m2e.maven.runtime_3.9.900.20240824-1409\jars\maven-resolver-transport-file-1.9.22.jar
2025-01-28 15:44:58,034 [Worker-1: Launching primeiraapi (1)] INFO  o.eclipse.m2e.core.internal.Bundles - 	Entry: C:\Users\Roberto\Desktop\sts-4.27.0.RELEASE\plugins\org.eclipse.m2e.maven.runtime_3.9.900.20240824-1409\jars\maven-resolver-transport-http-1.9.22.jar
2025-01-28 15:44:58,036 [Worker-1: Launching primeiraapi (1)] INFO  o.eclipse.m2e.core.internal.Bundles - 	Entry: C:\Users\Roberto\Desktop\sts-4.27.0.RELEASE\plugins\org.eclipse.m2e.maven.runtime_3.9.900.20240824-1409\jars\maven-resolver-transport-wagon-1.9.22.jar
2025-01-28 15:44:58,036 [Worker-1: Launching primeiraapi (1)] INFO  o.eclipse.m2e.core.internal.Bundles - 	Entry: C:\Users\Roberto\Desktop\sts-4.27.0.RELEASE\plugins\org.eclipse.m2e.maven.runtime_3.9.900.20240824-1409\jars\maven-resolver-util-1.9.22.jar
2025-01-28 15:44:58,037 [Worker-1: Launching primeiraapi (1)] INFO  o.eclipse.m2e.core.internal.Bundles - 	Entry: C:\Users\Roberto\Desktop\sts-4.27.0.RELEASE\plugins\org.eclipse.m2e.maven.runtime_3.9.900.20240824-1409\jars\maven-settings-3.9.9.jar
2025-01-28 15:44:58,037 [Worker-1: Launching primeiraapi (1)] INFO  o.eclipse.m2e.core.internal.Bundles - 	Entry: C:\Users\Roberto\Desktop\sts-4.27.0.RELEASE\plugins\org.eclipse.m2e.maven.runtime_3.9.900.20240824-1409\jars\maven-settings-builder-3.9.9.jar
2025-01-28 15:44:58,038 [Worker-1: Launching primeiraapi (1)] INFO  o.eclipse.m2e.core.internal.Bundles - 	Entry: C:\Users\Roberto\Desktop\sts-4.27.0.RELEASE\plugins\org.eclipse.m2e.maven.runtime_3.9.900.20240824-1409\jars\maven-shared-utils-3.4.2.jar
2025-01-28 15:44:58,038 [Worker-1: Launching primeiraapi (1)] INFO  o.eclipse.m2e.core.internal.Bundles - 	Entry: C:\Users\Roberto\Desktop\sts-4.27.0.RELEASE\plugins\org.eclipse.m2e.maven.runtime_3.9.900.20240824-1409\jars\org.eclipse.sisu.inject-0.9.0.M3.jar
2025-01-28 15:44:58,038 [Worker-1: Launching primeiraapi (1)] INFO  o.eclipse.m2e.core.internal.Bundles - 	Entry: C:\Users\Roberto\Desktop\sts-4.27.0.RELEASE\plugins\org.eclipse.m2e.maven.runtime_3.9.900.20240824-1409\jars\org.eclipse.sisu.plexus-0.9.0.M3.jar
2025-01-28 15:44:58,039 [Worker-1: Launching primeiraapi (1)] INFO  o.eclipse.m2e.core.internal.Bundles - 	Entry: C:\Users\Roberto\Desktop\sts-4.27.0.RELEASE\plugins\org.eclipse.m2e.maven.runtime_3.9.900.20240824-1409\jars\plexus-build-api-0.0.7.jar
2025-01-28 15:44:58,039 [Worker-1: Launching primeiraapi (1)] INFO  o.eclipse.m2e.core.internal.Bundles - 	Entry: C:\Users\Roberto\Desktop\sts-4.27.0.RELEASE\plugins\org.eclipse.m2e.maven.runtime_3.9.900.20240824-1409\jars\plexus-build-api-1.2.0.jar
2025-01-28 15:44:58,040 [Worker-1: Launching primeiraapi (1)] INFO  o.eclipse.m2e.core.internal.Bundles - 	Entry: C:\Users\Roberto\Desktop\sts-4.27.0.RELEASE\plugins\org.eclipse.m2e.maven.runtime_3.9.900.20240824-1409\jars\plexus-cipher-2.0.jar
2025-01-28 15:44:58,042 [Worker-1: Launching primeiraapi (1)] INFO  o.eclipse.m2e.core.internal.Bundles - 	Entry: C:\Users\Roberto\Desktop\sts-4.27.0.RELEASE\plugins\org.eclipse.m2e.maven.runtime_3.9.900.20240824-1409\jars\plexus-classworlds-2.8.0.jar
2025-01-28 15:44:58,043 [Worker-1: Launching primeiraapi (1)] INFO  o.eclipse.m2e.core.internal.Bundles - 	Entry: C:\Users\Roberto\Desktop\sts-4.27.0.RELEASE\plugins\org.eclipse.m2e.maven.runtime_3.9.900.20240824-1409\jars\plexus-component-annotations-2.1.0.jar
2025-01-28 15:44:58,044 [Worker-1: Launching primeiraapi (1)] INFO  o.eclipse.m2e.core.internal.Bundles - 	Entry: C:\Users\Roberto\Desktop\sts-4.27.0.RELEASE\plugins\org.eclipse.m2e.maven.runtime_3.9.900.20240824-1409\jars\plexus-interpolation-1.27.jar
2025-01-28 15:44:58,045 [Worker-1: Launching primeiraapi (1)] INFO  o.eclipse.m2e.core.internal.Bundles - 	Entry: C:\Users\Roberto\Desktop\sts-4.27.0.RELEASE\plugins\org.eclipse.m2e.maven.runtime_3.9.900.20240824-1409\jars\plexus-sec-dispatcher-2.0.jar
2025-01-28 15:44:58,046 [Worker-1: Launching primeiraapi (1)] INFO  o.eclipse.m2e.core.internal.Bundles - 	Entry: C:\Users\Roberto\Desktop\sts-4.27.0.RELEASE\plugins\org.eclipse.m2e.maven.runtime_3.9.900.20240824-1409\jars\plexus-utils-3.5.1.jar
2025-01-28 15:44:58,047 [Worker-1: Launching primeiraapi (1)] INFO  o.eclipse.m2e.core.internal.Bundles - 	Entry: C:\Users\Roberto\Desktop\sts-4.27.0.RELEASE\plugins\org.eclipse.m2e.maven.runtime_3.9.900.20240824-1409\jars\plexus-xml-3.0.1.jar
2025-01-28 15:44:58,048 [Worker-1: Launching primeiraapi (1)] INFO  o.eclipse.m2e.core.internal.Bundles - 	Entry: C:\Users\Roberto\Desktop\sts-4.27.0.RELEASE\plugins\org.eclipse.m2e.maven.runtime_3.9.900.20240824-1409\jars\wagon-file-3.5.3.jar
2025-01-28 15:44:58,048 [Worker-1: Launching primeiraapi (1)] INFO  o.eclipse.m2e.core.internal.Bundles - 	Entry: C:\Users\Roberto\Desktop\sts-4.27.0.RELEASE\plugins\org.eclipse.m2e.maven.runtime_3.9.900.20240824-1409\jars\wagon-http-3.5.3.jar
2025-01-28 15:44:58,048 [Worker-1: Launching primeiraapi (1)] INFO  o.eclipse.m2e.core.internal.Bundles - 	Entry: C:\Users\Roberto\Desktop\sts-4.27.0.RELEASE\plugins\org.eclipse.m2e.maven.runtime_3.9.900.20240824-1409\jars\wagon-http-shared-3.5.3.jar
2025-01-28 15:44:58,049 [Worker-1: Launching primeiraapi (1)] INFO  o.eclipse.m2e.core.internal.Bundles - 	Entry: C:\Users\Roberto\Desktop\sts-4.27.0.RELEASE\plugins\org.eclipse.m2e.maven.runtime_3.9.900.20240824-1409\jars\wagon-provider-api-3.5.3.jar
2025-01-28 15:44:58,056 [Worker-1: Launching primeiraapi (1)] INFO  o.eclipse.m2e.core.internal.Bundles - getClasspathEntries(Bundle=com.google.guava_33.3.1.jre [29])
2025-01-28 15:44:58,058 [Worker-1: Launching primeiraapi (1)] INFO  o.eclipse.m2e.core.internal.Bundles - 	Entry: C:\Users\Roberto\Desktop\sts-4.27.0.RELEASE\plugins\com.google.guava_33.3.1.jre.jar
2025-01-28 15:44:58,058 [Worker-1: Launching primeiraapi (1)] INFO  o.eclipse.m2e.core.internal.Bundles - getClasspathEntries(Bundle=slf4j.api_2.0.16 [615])
2025-01-28 15:44:58,061 [Worker-1: Launching primeiraapi (1)] INFO  o.eclipse.m2e.core.internal.Bundles - 	Entry: C:\Users\Roberto\Desktop\sts-4.27.0.RELEASE\plugins\slf4j.api_2.0.16.jar
2025-01-28 15:44:58,061 [Worker-1: Launching primeiraapi (1)] INFO  o.eclipse.m2e.core.internal.Bundles - getClasspathEntries(Bundle=jakarta.inject.jakarta.inject-api_1.0.5 [45])
2025-01-28 15:44:58,062 [Worker-1: Launching primeiraapi (1)] INFO  o.eclipse.m2e.core.internal.Bundles - 	Entry: C:\Users\Roberto\Desktop\sts-4.27.0.RELEASE\plugins\jakarta.inject.jakarta.inject-api_1.0.5.jar
2025-01-28 15:44:58,063 [Worker-1: Launching primeiraapi (1)] INFO  o.eclipse.m2e.core.internal.Bundles - getClasspathEntries(Bundle=jakarta.annotation-api_1.3.5 [41])
2025-01-28 15:44:58,064 [Worker-1: Launching primeiraapi (1)] INFO  o.eclipse.m2e.core.internal.Bundles - 	Entry: C:\Users\Roberto\Desktop\sts-4.27.0.RELEASE\plugins\jakarta.annotation-api_1.3.5.jar
2025-01-28 15:44:58,065 [Worker-1: Launching primeiraapi (1)] INFO  o.eclipse.m2e.core.internal.Bundles - getClasspathEntries(Bundle=org.apache.commons.cli_1.9.0 [78])
2025-01-28 15:44:58,066 [Worker-1: Launching primeiraapi (1)] INFO  o.eclipse.m2e.core.internal.Bundles - 	Entry: C:\Users\Roberto\Desktop\sts-4.27.0.RELEASE\plugins\org.apache.commons.cli_1.9.0.jar
2025-01-28 15:44:58,067 [Worker-1: Launching primeiraapi (1)] INFO  o.eclipse.m2e.core.internal.Bundles - getClasspathEntries(Bundle=org.apache.commons.commons-codec_1.16.0 [81])
2025-01-28 15:44:58,068 [Worker-1: Launching primeiraapi (1)] INFO  o.eclipse.m2e.core.internal.Bundles - 	Entry: C:\Users\Roberto\Desktop\sts-4.27.0.RELEASE\plugins\org.apache.commons.commons-codec_1.16.0.jar
2025-01-28 15:44:58,069 [Worker-1: Launching primeiraapi (1)] INFO  o.eclipse.m2e.core.internal.Bundles - getClasspathEntries(Bundle=com.google.guava.failureaccess_1.0.2 [30])
2025-01-28 15:44:58,071 [Worker-1: Launching primeiraapi (1)] INFO  o.eclipse.m2e.core.internal.Bundles - 	Entry: C:\Users\Roberto\Desktop\sts-4.27.0.RELEASE\plugins\com.google.guava.failureaccess_1.0.2.jar
2025-01-28 15:44:58,083 [Worker-1: Launching primeiraapi (1)] INFO  o.e.m.i.launch.MavenLaunchDelegate - Run build in "D:\Arquivos baixados\primeiraapi\primeiraapi":
2025-01-28 15:44:58,097 [Worker-1: Launching primeiraapi (1)] INFO  o.e.m.i.launch.MavenLaunchDelegate -  mvn  -B -Dstyle.color=always quarkus:dev
2025-01-28 15:51:17,892 [Worker-19: Building] INFO  o.a.m.s.f.DefaultMavenResourcesFiltering - Copying 2 resources from src\main\resources to target\classes
2025-01-28 15:51:17,918 [Worker-19: Building] INFO  o.a.m.s.f.DefaultMavenResourcesFiltering - skip non existing resourceDirectory D:\Arquivos baixados\primeiraapi\primeiraapi\src\test\resources
2025-01-28 15:51:22,726 [Worker-17: Building] INFO  o.a.m.s.f.DefaultMavenResourcesFiltering - Copying 2 resources from src\main\resources to target\classes
2025-01-28 15:51:22,747 [Worker-17: Building] INFO  o.a.m.s.f.DefaultMavenResourcesFiltering - skip non existing resourceDirectory D:\Arquivos baixados\primeiraapi\primeiraapi\src\test\resources
2025-01-28 15:51:38,431 [Worker-17: Building] INFO  o.a.m.s.f.DefaultMavenResourcesFiltering - Copying 2 resources from src\main\resources to target\classes
2025-01-28 15:51:38,440 [Worker-17: Building] INFO  o.a.m.s.f.DefaultMavenResourcesFiltering - skip non existing resourceDirectory D:\Arquivos baixados\primeiraapi\primeiraapi\src\test\resources
2025-01-28 15:51:56,975 [Worker-20: Building] INFO  o.a.m.s.f.DefaultMavenResourcesFiltering - Copying 2 resources from src\main\resources to target\classes
2025-01-28 15:51:56,982 [Worker-20: Building] INFO  o.a.m.s.f.DefaultMavenResourcesFiltering - skip non existing resourceDirectory D:\Arquivos baixados\primeiraapi\primeiraapi\src\test\resources
2025-01-28 15:52:16,973 [Worker-9: Building] INFO  o.a.m.s.f.DefaultMavenResourcesFiltering - Copying 2 resources from src\main\resources to target\classes
2025-01-28 15:52:16,989 [Worker-9: Building] INFO  o.a.m.s.f.DefaultMavenResourcesFiltering - skip non existing resourceDirectory D:\Arquivos baixados\primeiraapi\primeiraapi\src\test\resources
2025-01-28 15:54:23,157 [Worker-20: Building] INFO  o.a.m.s.f.DefaultMavenResourcesFiltering - Copying 2 resources from src\main\resources to target\classes
2025-01-28 15:54:23,175 [Worker-20: Building] INFO  o.a.m.s.f.DefaultMavenResourcesFiltering - skip non existing resourceDirectory D:\Arquivos baixados\primeiraapi\primeiraapi\src\test\resources
2025-01-28 15:54:43,307 [Worker-17: Building] INFO  o.a.m.s.f.DefaultMavenResourcesFiltering - Copying 2 resources from src\main\resources to target\classes
2025-01-28 15:54:43,320 [Worker-17: Building] INFO  o.a.m.s.f.DefaultMavenResourcesFiltering - skip non existing resourceDirectory D:\Arquivos baixados\primeiraapi\primeiraapi\src\test\resources
2025-01-28 15:55:11,827 [main] INFO  o.e.m2e.actions.ExecutePomAction - Creating new launch configuration
2025-01-28 15:55:20,071 [Worker-17: Launching primeiraapi (2)] INFO  o.eclipse.m2e.core.internal.Bundles - getClasspathEntries(Bundle=org.eclipse.m2e.maven.runtime_3.9.900.20240824-1409 [364])
2025-01-28 15:55:20,075 [Worker-17: Launching primeiraapi (2)] INFO  o.eclipse.m2e.core.internal.Bundles - 	Entry: C:\Users\Roberto\Desktop\sts-4.27.0.RELEASE\plugins\org.eclipse.m2e.maven.runtime_3.9.900.20240824-1409
2025-01-28 15:55:20,077 [Worker-17: Launching primeiraapi (2)] INFO  o.eclipse.m2e.core.internal.Bundles - 	Entry: C:\Users\Roberto\Desktop\sts-4.27.0.RELEASE\plugins\org.eclipse.m2e.maven.runtime_3.9.900.20240824-1409\jars\aopalliance-1.0.jar
2025-01-28 15:55:20,078 [Worker-17: Launching primeiraapi (2)] INFO  o.eclipse.m2e.core.internal.Bundles - 	Entry: C:\Users\Roberto\Desktop\sts-4.27.0.RELEASE\plugins\org.eclipse.m2e.maven.runtime_3.9.900.20240824-1409\jars\guice-5.1.0.jar
2025-01-28 15:55:20,078 [Worker-17: Launching primeiraapi (2)] INFO  o.eclipse.m2e.core.internal.Bundles - 	Entry: C:\Users\Roberto\Desktop\sts-4.27.0.RELEASE\plugins\org.eclipse.m2e.maven.runtime_3.9.900.20240824-1409\jars\httpclient-4.5.14.jar
2025-01-28 15:55:20,079 [Worker-17: Launching primeiraapi (2)] INFO  o.eclipse.m2e.core.internal.Bundles - 	Entry: C:\Users\Roberto\Desktop\sts-4.27.0.RELEASE\plugins\org.eclipse.m2e.maven.runtime_3.9.900.20240824-1409\jars\httpcore-4.4.16.jar
2025-01-28 15:55:20,080 [Worker-17: Launching primeiraapi (2)] INFO  o.eclipse.m2e.core.internal.Bundles - 	Entry: C:\Users\Roberto\Desktop\sts-4.27.0.RELEASE\plugins\org.eclipse.m2e.maven.runtime_3.9.900.20240824-1409\jars\jansi-2.4.1.jar
2025-01-28 15:55:20,081 [Worker-17: Launching primeiraapi (2)] INFO  o.eclipse.m2e.core.internal.Bundles - 	Entry: C:\Users\Roberto\Desktop\sts-4.27.0.RELEASE\plugins\org.eclipse.m2e.maven.runtime_3.9.900.20240824-1409\jars\jcl-over-slf4j-1.7.36.jar
2025-01-28 15:55:20,082 [Worker-17: Launching primeiraapi (2)] INFO  o.eclipse.m2e.core.internal.Bundles - 	Entry: C:\Users\Roberto\Desktop\sts-4.27.0.RELEASE\plugins\org.eclipse.m2e.maven.runtime_3.9.900.20240824-1409\jars\maven-artifact-3.9.9.jar
2025-01-28 15:55:20,083 [Worker-17: Launching primeiraapi (2)] INFO  o.eclipse.m2e.core.internal.Bundles - 	Entry: C:\Users\Roberto\Desktop\sts-4.27.0.RELEASE\plugins\org.eclipse.m2e.maven.runtime_3.9.900.20240824-1409\jars\maven-builder-support-3.9.9.jar
2025-01-28 15:55:20,085 [Worker-17: Launching primeiraapi (2)] INFO  o.eclipse.m2e.core.internal.Bundles - 	Entry: C:\Users\Roberto\Desktop\sts-4.27.0.RELEASE\plugins\org.eclipse.m2e.maven.runtime_3.9.900.20240824-1409\jars\maven-compat-3.9.9.jar
2025-01-28 15:55:20,086 [Worker-17: Launching primeiraapi (2)] INFO  o.eclipse.m2e.core.internal.Bundles - 	Entry: C:\Users\Roberto\Desktop\sts-4.27.0.RELEASE\plugins\org.eclipse.m2e.maven.runtime_3.9.900.20240824-1409\jars\maven-core-3.9.9.jar
2025-01-28 15:55:20,087 [Worker-17: Launching primeiraapi (2)] INFO  o.eclipse.m2e.core.internal.Bundles - 	Entry: C:\Users\Roberto\Desktop\sts-4.27.0.RELEASE\plugins\org.eclipse.m2e.maven.runtime_3.9.900.20240824-1409\jars\maven-embedder-3.9.9.jar
2025-01-28 15:55:20,088 [Worker-17: Launching primeiraapi (2)] INFO  o.eclipse.m2e.core.internal.Bundles - 	Entry: C:\Users\Roberto\Desktop\sts-4.27.0.RELEASE\plugins\org.eclipse.m2e.maven.runtime_3.9.900.20240824-1409\jars\maven-model-3.9.9.jar
2025-01-28 15:55:20,089 [Worker-17: Launching primeiraapi (2)] INFO  o.eclipse.m2e.core.internal.Bundles - 	Entry: C:\Users\Roberto\Desktop\sts-4.27.0.RELEASE\plugins\org.eclipse.m2e.maven.runtime_3.9.900.20240824-1409\jars\maven-model-builder-3.9.9.jar
2025-01-28 15:55:20,091 [Worker-17: Launching primeiraapi (2)] INFO  o.eclipse.m2e.core.internal.Bundles - 	Entry: C:\Users\Roberto\Desktop\sts-4.27.0.RELEASE\plugins\org.eclipse.m2e.maven.runtime_3.9.900.20240824-1409\jars\maven-plugin-api-3.9.9.jar
2025-01-28 15:55:20,092 [Worker-17: Launching primeiraapi (2)] INFO  o.eclipse.m2e.core.internal.Bundles - 	Entry: C:\Users\Roberto\Desktop\sts-4.27.0.RELEASE\plugins\org.eclipse.m2e.maven.runtime_3.9.900.20240824-1409\jars\maven-repository-metadata-3.9.9.jar
2025-01-28 15:55:20,093 [Worker-17: Launching primeiraapi (2)] INFO  o.eclipse.m2e.core.internal.Bundles - 	Entry: C:\Users\Roberto\Desktop\sts-4.27.0.RELEASE\plugins\org.eclipse.m2e.maven.runtime_3.9.900.20240824-1409\jars\maven-resolver-api-1.9.22.jar
2025-01-28 15:55:20,095 [Worker-17: Launching primeiraapi (2)] INFO  o.eclipse.m2e.core.internal.Bundles - 	Entry: C:\Users\Roberto\Desktop\sts-4.27.0.RELEASE\plugins\org.eclipse.m2e.maven.runtime_3.9.900.20240824-1409\jars\maven-resolver-connector-basic-1.9.22.jar
2025-01-28 15:55:20,097 [Worker-17: Launching primeiraapi (2)] INFO  o.eclipse.m2e.core.internal.Bundles - 	Entry: C:\Users\Roberto\Desktop\sts-4.27.0.RELEASE\plugins\org.eclipse.m2e.maven.runtime_3.9.900.20240824-1409\jars\maven-resolver-impl-1.9.22.jar
2025-01-28 15:55:20,099 [Worker-17: Launching primeiraapi (2)] INFO  o.eclipse.m2e.core.internal.Bundles - 	Entry: C:\Users\Roberto\Desktop\sts-4.27.0.RELEASE\plugins\org.eclipse.m2e.maven.runtime_3.9.900.20240824-1409\jars\maven-resolver-named-locks-1.9.22.jar
2025-01-28 15:55:20,100 [Worker-17: Launching primeiraapi (2)] INFO  o.eclipse.m2e.core.internal.Bundles - 	Entry: C:\Users\Roberto\Desktop\sts-4.27.0.RELEASE\plugins\org.eclipse.m2e.maven.runtime_3.9.900.20240824-1409\jars\maven-resolver-provider-3.9.9.jar
2025-01-28 15:55:20,102 [Worker-17: Launching primeiraapi (2)] INFO  o.eclipse.m2e.core.internal.Bundles - 	Entry: C:\Users\Roberto\Desktop\sts-4.27.0.RELEASE\plugins\org.eclipse.m2e.maven.runtime_3.9.900.20240824-1409\jars\maven-resolver-spi-1.9.22.jar
2025-01-28 15:55:20,103 [Worker-17: Launching primeiraapi (2)] INFO  o.eclipse.m2e.core.internal.Bundles - 	Entry: C:\Users\Roberto\Desktop\sts-4.27.0.RELEASE\plugins\org.eclipse.m2e.maven.runtime_3.9.900.20240824-1409\jars\maven-resolver-transport-file-1.9.22.jar
2025-01-28 15:55:20,104 [Worker-17: Launching primeiraapi (2)] INFO  o.eclipse.m2e.core.internal.Bundles - 	Entry: C:\Users\Roberto\Desktop\sts-4.27.0.RELEASE\plugins\org.eclipse.m2e.maven.runtime_3.9.900.20240824-1409\jars\maven-resolver-transport-http-1.9.22.jar
2025-01-28 15:55:20,106 [Worker-17: Launching primeiraapi (2)] INFO  o.eclipse.m2e.core.internal.Bundles - 	Entry: C:\Users\Roberto\Desktop\sts-4.27.0.RELEASE\plugins\org.eclipse.m2e.maven.runtime_3.9.900.20240824-1409\jars\maven-resolver-transport-wagon-1.9.22.jar
2025-01-28 15:55:20,107 [Worker-17: Launching primeiraapi (2)] INFO  o.eclipse.m2e.core.internal.Bundles - 	Entry: C:\Users\Roberto\Desktop\sts-4.27.0.RELEASE\plugins\org.eclipse.m2e.maven.runtime_3.9.900.20240824-1409\jars\maven-resolver-util-1.9.22.jar
2025-01-28 15:55:20,108 [Worker-17: Launching primeiraapi (2)] INFO  o.eclipse.m2e.core.internal.Bundles - 	Entry: C:\Users\Roberto\Desktop\sts-4.27.0.RELEASE\plugins\org.eclipse.m2e.maven.runtime_3.9.900.20240824-1409\jars\maven-settings-3.9.9.jar
2025-01-28 15:55:20,110 [Worker-17: Launching primeiraapi (2)] INFO  o.eclipse.m2e.core.internal.Bundles - 	Entry: C:\Users\Roberto\Desktop\sts-4.27.0.RELEASE\plugins\org.eclipse.m2e.maven.runtime_3.9.900.20240824-1409\jars\maven-settings-builder-3.9.9.jar
2025-01-28 15:55:20,112 [Worker-17: Launching primeiraapi (2)] INFO  o.eclipse.m2e.core.internal.Bundles - 	Entry: C:\Users\Roberto\Desktop\sts-4.27.0.RELEASE\plugins\org.eclipse.m2e.maven.runtime_3.9.900.20240824-1409\jars\maven-shared-utils-3.4.2.jar
2025-01-28 15:55:20,113 [Worker-17: Launching primeiraapi (2)] INFO  o.eclipse.m2e.core.internal.Bundles - 	Entry: C:\Users\Roberto\Desktop\sts-4.27.0.RELEASE\plugins\org.eclipse.m2e.maven.runtime_3.9.900.20240824-1409\jars\org.eclipse.sisu.inject-0.9.0.M3.jar
2025-01-28 15:55:20,113 [Worker-17: Launching primeiraapi (2)] INFO  o.eclipse.m2e.core.internal.Bundles - 	Entry: C:\Users\Roberto\Desktop\sts-4.27.0.RELEASE\plugins\org.eclipse.m2e.maven.runtime_3.9.900.20240824-1409\jars\org.eclipse.sisu.plexus-0.9.0.M3.jar
2025-01-28 15:55:20,114 [Worker-17: Launching primeiraapi (2)] INFO  o.eclipse.m2e.core.internal.Bundles - 	Entry: C:\Users\Roberto\Desktop\sts-4.27.0.RELEASE\plugins\org.eclipse.m2e.maven.runtime_3.9.900.20240824-1409\jars\plexus-build-api-0.0.7.jar
2025-01-28 15:55:20,115 [Worker-17: Launching primeiraapi (2)] INFO  o.eclipse.m2e.core.internal.Bundles - 	Entry: C:\Users\Roberto\Desktop\sts-4.27.0.RELEASE\plugins\org.eclipse.m2e.maven.runtime_3.9.900.20240824-1409\jars\plexus-build-api-1.2.0.jar
2025-01-28 15:55:20,115 [Worker-17: Launching primeiraapi (2)] INFO  o.eclipse.m2e.core.internal.Bundles - 	Entry: C:\Users\Roberto\Desktop\sts-4.27.0.RELEASE\plugins\org.eclipse.m2e.maven.runtime_3.9.900.20240824-1409\jars\plexus-cipher-2.0.jar
2025-01-28 15:55:20,116 [Worker-17: Launching primeiraapi (2)] INFO  o.eclipse.m2e.core.internal.Bundles - 	Entry: C:\Users\Roberto\Desktop\sts-4.27.0.RELEASE\plugins\org.eclipse.m2e.maven.runtime_3.9.900.20240824-1409\jars\plexus-classworlds-2.8.0.jar
2025-01-28 15:55:20,116 [Worker-17: Launching primeiraapi (2)] INFO  o.eclipse.m2e.core.internal.Bundles - 	Entry: C:\Users\Roberto\Desktop\sts-4.27.0.RELEASE\plugins\org.eclipse.m2e.maven.runtime_3.9.900.20240824-1409\jars\plexus-component-annotations-2.1.0.jar
2025-01-28 15:55:20,116 [Worker-17: Launching primeiraapi (2)] INFO  o.eclipse.m2e.core.internal.Bundles - 	Entry: C:\Users\Roberto\Desktop\sts-4.27.0.RELEASE\plugins\org.eclipse.m2e.maven.runtime_3.9.900.20240824-1409\jars\plexus-interpolation-1.27.jar
2025-01-28 15:55:20,117 [Worker-17: Launching primeiraapi (2)] INFO  o.eclipse.m2e.core.internal.Bundles - 	Entry: C:\Users\Roberto\Desktop\sts-4.27.0.RELEASE\plugins\org.eclipse.m2e.maven.runtime_3.9.900.20240824-1409\jars\plexus-sec-dispatcher-2.0.jar
2025-01-28 15:55:20,118 [Worker-17: Launching primeiraapi (2)] INFO  o.eclipse.m2e.core.internal.Bundles - 	Entry: C:\Users\Roberto\Desktop\sts-4.27.0.RELEASE\plugins\org.eclipse.m2e.maven.runtime_3.9.900.20240824-1409\jars\plexus-utils-3.5.1.jar
2025-01-28 15:55:20,119 [Worker-17: Launching primeiraapi (2)] INFO  o.eclipse.m2e.core.internal.Bundles - 	Entry: C:\Users\Roberto\Desktop\sts-4.27.0.RELEASE\plugins\org.eclipse.m2e.maven.runtime_3.9.900.20240824-1409\jars\plexus-xml-3.0.1.jar
2025-01-28 15:55:20,120 [Worker-17: Launching primeiraapi (2)] INFO  o.eclipse.m2e.core.internal.Bundles - 	Entry: C:\Users\Roberto\Desktop\sts-4.27.0.RELEASE\plugins\org.eclipse.m2e.maven.runtime_3.9.900.20240824-1409\jars\wagon-file-3.5.3.jar
2025-01-28 15:55:20,121 [Worker-17: Launching primeiraapi (2)] INFO  o.eclipse.m2e.core.internal.Bundles - 	Entry: C:\Users\Roberto\Desktop\sts-4.27.0.RELEASE\plugins\org.eclipse.m2e.maven.runtime_3.9.900.20240824-1409\jars\wagon-http-3.5.3.jar
2025-01-28 15:55:20,122 [Worker-17: Launching primeiraapi (2)] INFO  o.eclipse.m2e.core.internal.Bundles - 	Entry: C:\Users\Roberto\Desktop\sts-4.27.0.RELEASE\plugins\org.eclipse.m2e.maven.runtime_3.9.900.20240824-1409\jars\wagon-http-shared-3.5.3.jar
2025-01-28 15:55:20,124 [Worker-17: Launching primeiraapi (2)] INFO  o.eclipse.m2e.core.internal.Bundles - 	Entry: C:\Users\Roberto\Desktop\sts-4.27.0.RELEASE\plugins\org.eclipse.m2e.maven.runtime_3.9.900.20240824-1409\jars\wagon-provider-api-3.5.3.jar
2025-01-28 15:55:20,125 [Worker-17: Launching primeiraapi (2)] INFO  o.eclipse.m2e.core.internal.Bundles - getClasspathEntries(Bundle=com.google.guava_33.3.1.jre [29])
2025-01-28 15:55:20,126 [Worker-17: Launching primeiraapi (2)] INFO  o.eclipse.m2e.core.internal.Bundles - 	Entry: C:\Users\Roberto\Desktop\sts-4.27.0.RELEASE\plugins\com.google.guava_33.3.1.jre.jar
2025-01-28 15:55:20,127 [Worker-17: Launching primeiraapi (2)] INFO  o.eclipse.m2e.core.internal.Bundles - getClasspathEntries(Bundle=slf4j.api_2.0.16 [615])
2025-01-28 15:55:20,128 [Worker-17: Launching primeiraapi (2)] INFO  o.eclipse.m2e.core.internal.Bundles - 	Entry: C:\Users\Roberto\Desktop\sts-4.27.0.RELEASE\plugins\slf4j.api_2.0.16.jar
2025-01-28 15:55:20,129 [Worker-17: Launching primeiraapi (2)] INFO  o.eclipse.m2e.core.internal.Bundles - getClasspathEntries(Bundle=jakarta.inject.jakarta.inject-api_1.0.5 [45])
2025-01-28 15:55:20,130 [Worker-17: Launching primeiraapi (2)] INFO  o.eclipse.m2e.core.internal.Bundles - 	Entry: C:\Users\Roberto\Desktop\sts-4.27.0.RELEASE\plugins\jakarta.inject.jakarta.inject-api_1.0.5.jar
2025-01-28 15:55:20,131 [Worker-17: Launching primeiraapi (2)] INFO  o.eclipse.m2e.core.internal.Bundles - getClasspathEntries(Bundle=jakarta.annotation-api_1.3.5 [41])
2025-01-28 15:55:20,132 [Worker-17: Launching primeiraapi (2)] INFO  o.eclipse.m2e.core.internal.Bundles - 	Entry: C:\Users\Roberto\Desktop\sts-4.27.0.RELEASE\plugins\jakarta.annotation-api_1.3.5.jar
2025-01-28 15:55:20,133 [Worker-17: Launching primeiraapi (2)] INFO  o.eclipse.m2e.core.internal.Bundles - getClasspathEntries(Bundle=org.apache.commons.cli_1.9.0 [78])
2025-01-28 15:55:20,134 [Worker-17: Launching primeiraapi (2)] INFO  o.eclipse.m2e.core.internal.Bundles - 	Entry: C:\Users\Roberto\Desktop\sts-4.27.0.RELEASE\plugins\org.apache.commons.cli_1.9.0.jar
2025-01-28 15:55:20,135 [Worker-17: Launching primeiraapi (2)] INFO  o.eclipse.m2e.core.internal.Bundles - getClasspathEntries(Bundle=org.apache.commons.commons-codec_1.16.0 [81])
2025-01-28 15:55:20,136 [Worker-17: Launching primeiraapi (2)] INFO  o.eclipse.m2e.core.internal.Bundles - 	Entry: C:\Users\Roberto\Desktop\sts-4.27.0.RELEASE\plugins\org.apache.commons.commons-codec_1.16.0.jar
2025-01-28 15:55:20,137 [Worker-17: Launching primeiraapi (2)] INFO  o.eclipse.m2e.core.internal.Bundles - getClasspathEntries(Bundle=com.google.guava.failureaccess_1.0.2 [30])
2025-01-28 15:55:20,138 [Worker-17: Launching primeiraapi (2)] INFO  o.eclipse.m2e.core.internal.Bundles - 	Entry: C:\Users\Roberto\Desktop\sts-4.27.0.RELEASE\plugins\com.google.guava.failureaccess_1.0.2.jar
2025-01-28 15:55:20,148 [Worker-17: Launching primeiraapi (2)] INFO  o.e.m.i.launch.MavenLaunchDelegate - Run build in "D:\Arquivos baixados\primeiraapi\primeiraapi":
2025-01-28 15:55:20,148 [Worker-17: Launching primeiraapi (2)] INFO  o.e.m.i.launch.MavenLaunchDelegate -  mvn  -B -Dstyle.color=always quarkus:dev
